

Microchip MPLAB XC8 Assembler V2.10 build 88905656 
                                                                                               Mon May 11 10:12:24 2020

Microchip MPLAB XC8 C Compiler v2.10 (Free license) build 20190730164152 Og1 
     1                           	processor	16F1509
     2                           	opt	pw 120
     3                           	opt	flic
     4                           	psect	cinit,global,class=CODE,merge=1,delta=2
     5                           	psect	cstackCOMMON,global,class=COMMON,space=1,delta=1
     6                           	psect	maintext,global,class=CODE,merge=1,split=1,delta=2
     7                           	dabs	1,0x7E,2
     8  0000                     
     9                           ; Version 2.10
    10                           ; Generated 31/07/2019 GMT
    11                           ; 
    12                           ; Copyright © 2019, Microchip Technology Inc. and its subsidiaries ("Microchip")
    13                           ; All rights reserved.
    14                           ; 
    15                           ; This software is developed by Microchip Technology Inc. and its subsidiaries ("Microch
      +                          ip").
    16                           ; 
    17                           ; Redistribution and use in source and binary forms, with or without modification, are
    18                           ; permitted provided that the following conditions are met:
    19                           ; 
    20                           ;     1. Redistributions of source code must retain the above copyright notice, this lis
      +                          t of
    21                           ;        conditions and the following disclaimer.
    22                           ; 
    23                           ;     2. Redistributions in binary form must reproduce the above copyright notice, this 
      +                          list
    24                           ;        of conditions and the following disclaimer in the documentation and/or other
    25                           ;        materials provided with the distribution.
    26                           ; 
    27                           ;     3. Microchip's name may not be used to endorse or promote products derived from th
      +                          is
    28                           ;        software without specific prior written permission.
    29                           ; 
    30                           ; THIS SOFTWARE IS PROVIDED BY MICROCHIP "AS IS" AND ANY EXPRESS OR IMPLIED WARRANTIES,
    31                           ; INCLUDING, BUT NOT LIMITED TO, THE IMPLIED WARRANTIES OF MERCHANTABILITY AND FITNESS F
      +                          OR
    32                           ; PURPOSE ARE DISCLAIMED.  IN NO EVENT SHALL MICROCHIP BE LIABLE FOR ANY DIRECT, INDIREC
      +                          T,
    33                           ; INCIDENTAL, SPECIAL, EXEMPLARY, OR CONSEQUENTIAL DAMAGES (INCLUDING BUT NOT LIMITED TO
    34                           ; PROCUREMENT OF SUBSTITUTE GOODS OR SERVICES; LOSS OF USE, DATA OR PROFITS; OR BUSINESS
    35                           ; INTERRUPTION) HOWSOEVER CAUSED AND ON ANY THEORY OF LIABILITY, WHETHER IN CONTRACT, ST
      +                          RICT
    36                           ; LIABILITY, OR TORT (INCLUDING NEGLIGENCE OR OTHERWISE) ARISING IN ANY WAY OUT OF THE U
      +                          SE OF
    37                           ; THIS SOFTWARE, EVEN IF ADVISED OF THE POSSIBILITY OF SUCH DAMAGE.
    38                           ; 
    39                           ; 
    40                           ; Code-generator required, PIC16F1509 Definitions
    41                           ; 
    42                           ; SFR Addresses
    43  0000                     	;# 
    44  0001                     	;# 
    45  0002                     	;# 
    46  0003                     	;# 
    47  0004                     	;# 
    48  0005                     	;# 
    49  0006                     	;# 
    50  0007                     	;# 
    51  0008                     	;# 
    52  0009                     	;# 
    53  000A                     	;# 
    54  000B                     	;# 
    55  000C                     	;# 
    56  000D                     	;# 
    57  000E                     	;# 
    58  0011                     	;# 
    59  0012                     	;# 
    60  0013                     	;# 
    61  0015                     	;# 
    62  0016                     	;# 
    63  0016                     	;# 
    64  0017                     	;# 
    65  0018                     	;# 
    66  0019                     	;# 
    67  001A                     	;# 
    68  001B                     	;# 
    69  001C                     	;# 
    70  008C                     	;# 
    71  008D                     	;# 
    72  008E                     	;# 
    73  0091                     	;# 
    74  0092                     	;# 
    75  0093                     	;# 
    76  0095                     	;# 
    77  0096                     	;# 
    78  0097                     	;# 
    79  0099                     	;# 
    80  009A                     	;# 
    81  009B                     	;# 
    82  009B                     	;# 
    83  009C                     	;# 
    84  009D                     	;# 
    85  009E                     	;# 
    86  009F                     	;# 
    87  010C                     	;# 
    88  010D                     	;# 
    89  010E                     	;# 
    90  0111                     	;# 
    91  0112                     	;# 
    92  0113                     	;# 
    93  0114                     	;# 
    94  0115                     	;# 
    95  0116                     	;# 
    96  0117                     	;# 
    97  0118                     	;# 
    98  0119                     	;# 
    99  011D                     	;# 
   100  018C                     	;# 
   101  018D                     	;# 
   102  018E                     	;# 
   103  0191                     	;# 
   104  0191                     	;# 
   105  0192                     	;# 
   106  0193                     	;# 
   107  0193                     	;# 
   108  0194                     	;# 
   109  0195                     	;# 
   110  0196                     	;# 
   111  0197                     	;# 
   112  0199                     	;# 
   113  019A                     	;# 
   114  019B                     	;# 
   115  019B                     	;# 
   116  019C                     	;# 
   117  019D                     	;# 
   118  019E                     	;# 
   119  019F                     	;# 
   120  020C                     	;# 
   121  020D                     	;# 
   122  0211                     	;# 
   123  0211                     	;# 
   124  0212                     	;# 
   125  0212                     	;# 
   126  0213                     	;# 
   127  0213                     	;# 
   128  0214                     	;# 
   129  0214                     	;# 
   130  0215                     	;# 
   131  0215                     	;# 
   132  0215                     	;# 
   133  0216                     	;# 
   134  0216                     	;# 
   135  0217                     	;# 
   136  0217                     	;# 
   137  0391                     	;# 
   138  0392                     	;# 
   139  0393                     	;# 
   140  0394                     	;# 
   141  0395                     	;# 
   142  0396                     	;# 
   143  0498                     	;# 
   144  0498                     	;# 
   145  0499                     	;# 
   146  049A                     	;# 
   147  049B                     	;# 
   148  049B                     	;# 
   149  049C                     	;# 
   150  049D                     	;# 
   151  049E                     	;# 
   152  049F                     	;# 
   153  0611                     	;# 
   154  0612                     	;# 
   155  0613                     	;# 
   156  0613                     	;# 
   157  0614                     	;# 
   158  0615                     	;# 
   159  0616                     	;# 
   160  0616                     	;# 
   161  0617                     	;# 
   162  0618                     	;# 
   163  0619                     	;# 
   164  0619                     	;# 
   165  061A                     	;# 
   166  061B                     	;# 
   167  061C                     	;# 
   168  061C                     	;# 
   169  0691                     	;# 
   170  0692                     	;# 
   171  0693                     	;# 
   172  0694                     	;# 
   173  0695                     	;# 
   174  0F0F                     	;# 
   175  0F10                     	;# 
   176  0F11                     	;# 
   177  0F12                     	;# 
   178  0F13                     	;# 
   179  0F14                     	;# 
   180  0F15                     	;# 
   181  0F16                     	;# 
   182  0F17                     	;# 
   183  0F18                     	;# 
   184  0F19                     	;# 
   185  0F1A                     	;# 
   186  0F1B                     	;# 
   187  0F1C                     	;# 
   188  0F1D                     	;# 
   189  0F1E                     	;# 
   190  0F1F                     	;# 
   191  0F20                     	;# 
   192  0F21                     	;# 
   193  0F22                     	;# 
   194  0F23                     	;# 
   195  0F24                     	;# 
   196  0F25                     	;# 
   197  0F26                     	;# 
   198  0F27                     	;# 
   199  0F28                     	;# 
   200  0F29                     	;# 
   201  0F2A                     	;# 
   202  0F2B                     	;# 
   203  0F2C                     	;# 
   204  0F2D                     	;# 
   205  0F2E                     	;# 
   206  0F2F                     	;# 
   207  0F8C                     	;# 
   208  0F8D                     	;# 
   209  0F91                     	;# 
   210  0F95                     	;# 
   211  0F96                     	;# 
   212  0F97                     	;# 
   213  0F9C                     	;# 
   214  0F9D                     	;# 
   215  0F9E                     	;# 
   216  0FE3                     	;# 
   217  0FE4                     	;# 
   218  0FE5                     	;# 
   219  0FE6                     	;# 
   220  0FE7                     	;# 
   221  0FE8                     	;# 
   222  0FE9                     	;# 
   223  0FEA                     	;# 
   224  0FEB                     	;# 
   225  0FED                     	;# 
   226  0FEE                     	;# 
   227  0FEF                     	;# 
   228  000D                     _PORTBbits	set	13
   229  008D                     _TRISBbits	set	141
   230  008E                     _TRISCbits	set	142
   231  010E                     _LATCbits	set	270
   232  018D                     _ANSELBbits	set	397
   233                           
   234                           ; #config settings
   235  0000                     
   236                           	psect	cinit
   237  07FD                     start_initialization:	
   238  07FD                     __initialization:	
   239  07FD                     end_of_initialization:	
   240                           ;End of C runtime variable initialization code
   241                           
   242  07FD                     __end_of__initialization:	
   243  07FD  0020               	movlb	0
   244  07FE  3187  2FC0         	ljmp	_main	;jump to C main() function
   245                           
   246                           	psect	cstackCOMMON
   247  0000                     __pcstackCOMMON:	
   248  0000                     ?_main:	
   249  0000                     ??_main:	
   250                           ; 1 bytes @ 0x0
   251                           
   252                           
   253                           	psect	maintext
   254  07C0                     __pmaintext:	
   255                           ; 1 bytes @ 0x0
   256 ;;
   257 ;;Main: autosize = 0, tempsize = 0, incstack = 0, save=0
   258 ;;
   259 ;; *************** function _main *****************
   260 ;; Defined at:
   261 ;;		line 44 in file "BT2_mindgame_buttonmain.c"
   262 ;; Parameters:    Size  Location     Type
   263 ;;		None
   264 ;; Auto vars:     Size  Location     Type
   265 ;;		None
   266 ;; Return value:  Size  Location     Type
   267 ;;                  1    wreg      void 
   268 ;; Registers used:
   269 ;;		None
   270 ;; Tracked objects:
   271 ;;		On entry : B1F/0
   272 ;;		On exit  : 0/0
   273 ;;		Unchanged: 0/0
   274 ;; Data sizes:     COMMON   BANK0   BANK1   BANK2   BANK3   BANK4   BANK5   BANK6
   275 ;;      Params:         0       0       0       0       0       0       0       0
   276 ;;      Locals:         0       0       0       0       0       0       0       0
   277 ;;      Temps:          0       0       0       0       0       0       0       0
   278 ;;      Totals:         0       0       0       0       0       0       0       0
   279 ;;Total ram usage:        0 bytes
   280 ;; This function calls:
   281 ;;		Nothing
   282 ;; This function is called by:
   283 ;;		Startup code after reset
   284 ;; This function uses a non-reentrant model
   285 ;;
   286                           
   287                           
   288                           ;psect for function _main
   289  07C0                     _main:	
   290  07C0                     l552:	
   291                           ;incstack = 0
   292                           ; Regs used in _main: []
   293                           
   294                           
   295                           ;BT2_mindgame_buttonmain.c: 47:     TRISCbits.TRISC4 = 0;
   296  07C0  0021               	movlb	1	; select bank1
   297  07C1  120E               	bcf	14,4	;volatile
   298                           
   299                           ;BT2_mindgame_buttonmain.c: 48:     TRISCbits.TRISC5 = 0;
   300  07C2  128E               	bcf	14,5	;volatile
   301                           
   302                           ;BT2_mindgame_buttonmain.c: 49:     TRISCbits.TRISC6 = 0;
   303  07C3  130E               	bcf	14,6	;volatile
   304                           
   305                           ;BT2_mindgame_buttonmain.c: 50:     TRISCbits.TRISC7 = 0;
   306  07C4  138E               	bcf	14,7	;volatile
   307                           
   308                           ;BT2_mindgame_buttonmain.c: 52:     ANSELBbits.ANSB4 = 0;
   309  07C5  0023               	movlb	3	; select bank3
   310  07C6  120D               	bcf	13,4	;volatile
   311                           
   312                           ;BT2_mindgame_buttonmain.c: 53:     ANSELBbits.ANSB5 = 0;
   313  07C7  128D               	bcf	13,5	;volatile
   314                           
   315                           ;BT2_mindgame_buttonmain.c: 56:     TRISBbits.TRISB7 = 1;
   316  07C8  0021               	movlb	1	; select bank1
   317  07C9  178D               	bsf	13,7	;volatile
   318                           
   319                           ;BT2_mindgame_buttonmain.c: 57:     TRISBbits.TRISB6 = 1;
   320  07CA  170D               	bsf	13,6	;volatile
   321                           
   322                           ;BT2_mindgame_buttonmain.c: 58:     TRISBbits.TRISB5 = 1;
   323  07CB  168D               	bsf	13,5	;volatile
   324                           
   325                           ;BT2_mindgame_buttonmain.c: 59:     TRISBbits.TRISB4 = 1;
   326  07CC  160D               	bsf	13,4	;volatile
   327                           
   328                           ;BT2_mindgame_buttonmain.c: 62:     LATCbits.LATC4 = 0;
   329  07CD  0022               	movlb	2	; select bank2
   330  07CE  120E               	bcf	14,4	;volatile
   331                           
   332                           ;BT2_mindgame_buttonmain.c: 63:     LATCbits.LATC5 = 0;
   333  07CF  128E               	bcf	14,5	;volatile
   334                           
   335                           ;BT2_mindgame_buttonmain.c: 64:     LATCbits.LATC6 = 0;
   336  07D0  130E               	bcf	14,6	;volatile
   337                           
   338                           ;BT2_mindgame_buttonmain.c: 65:     LATCbits.LATC7 = 0;
   339  07D1  138E               	bcf	14,7	;volatile
   340  07D2                     l15:	
   341                           ;BT2_mindgame_buttonmain.c: 67:     while (1) {
   342                           
   343                           
   344                           ;BT2_mindgame_buttonmain.c: 68:         if (PORTBbits.RB4 == 1) LATCbits.LATC4 = 0;
   345  07D2  0020               	movlb	0	; select bank0
   346  07D3  1E0D               	btfss	13,4	;volatile
   347  07D4  2FD6               	goto	u11
   348  07D5  2FD7               	goto	u10
   349  07D6                     u11:	
   350  07D6  2FDA               	goto	l16
   351  07D7                     u10:	
   352  07D7                     l554:	
   353  07D7  0022               	movlb	2	; select bank2
   354  07D8  120E               	bcf	14,4	;volatile
   355  07D9  2FDC               	goto	l17
   356  07DA                     l16:	
   357                           ;BT2_mindgame_buttonmain.c: 69:         else LATCbits.LATC4 = 1;
   358                           
   359  07DA  0022               	movlb	2	; select bank2
   360  07DB  160E               	bsf	14,4	;volatile
   361  07DC                     l17:	
   362                           
   363                           ;BT2_mindgame_buttonmain.c: 71:         if (PORTBbits.RB5 == 1) LATCbits.LATC5 = 0;
   364  07DC  0020               	movlb	0	; select bank0
   365  07DD  1E8D               	btfss	13,5	;volatile
   366  07DE  2FE0               	goto	u21
   367  07DF  2FE1               	goto	u20
   368  07E0                     u21:	
   369  07E0  2FE4               	goto	l18
   370  07E1                     u20:	
   371  07E1                     l556:	
   372  07E1  0022               	movlb	2	; select bank2
   373  07E2  128E               	bcf	14,5	;volatile
   374  07E3  2FE6               	goto	l19
   375  07E4                     l18:	
   376                           ;BT2_mindgame_buttonmain.c: 72:         else LATCbits.LATC5 = 1;
   377                           
   378  07E4  0022               	movlb	2	; select bank2
   379  07E5  168E               	bsf	14,5	;volatile
   380  07E6                     l19:	
   381                           
   382                           ;BT2_mindgame_buttonmain.c: 74:         if (PORTBbits.RB6 == 1) LATCbits.LATC6 = 0;
   383  07E6  0020               	movlb	0	; select bank0
   384  07E7  1F0D               	btfss	13,6	;volatile
   385  07E8  2FEA               	goto	u31
   386  07E9  2FEB               	goto	u30
   387  07EA                     u31:	
   388  07EA  2FEE               	goto	l20
   389  07EB                     u30:	
   390  07EB                     l558:	
   391  07EB  0022               	movlb	2	; select bank2
   392  07EC  130E               	bcf	14,6	;volatile
   393  07ED  2FF0               	goto	l21
   394  07EE                     l20:	
   395                           ;BT2_mindgame_buttonmain.c: 75:         else LATCbits.LATC6 = 1;
   396                           
   397  07EE  0022               	movlb	2	; select bank2
   398  07EF  170E               	bsf	14,6	;volatile
   399  07F0                     l21:	
   400                           
   401                           ;BT2_mindgame_buttonmain.c: 77:         if (PORTBbits.RB7 == 1) LATCbits.LATC7 = 0;
   402  07F0  0020               	movlb	0	; select bank0
   403  07F1  1F8D               	btfss	13,7	;volatile
   404  07F2  2FF4               	goto	u41
   405  07F3  2FF5               	goto	u40
   406  07F4                     u41:	
   407  07F4  2FF8               	goto	l22
   408  07F5                     u40:	
   409  07F5                     l560:	
   410  07F5  0022               	movlb	2	; select bank2
   411  07F6  138E               	bcf	14,7	;volatile
   412  07F7  2FD2               	goto	l15
   413  07F8                     l22:	
   414                           ;BT2_mindgame_buttonmain.c: 78:         else LATCbits.LATC7 = 1;
   415                           
   416  07F8  0022               	movlb	2	; select bank2
   417  07F9  178E               	bsf	14,7	;volatile
   418  07FA  2FD2               	goto	l15
   419  07FB  3180  2802         	ljmp	start
   420  07FD                     __end_of_main:	
   421  007E                     btemp	set	126	;btemp
   422  007E                     wtemp0	set	126


Data Sizes:
    Strings     0
    Constant    0
    Data        0
    BSS         0
    Persistent  32
    Stack       0

Auto Spaces:
    Space          Size  Autos    Used
    COMMON           14      0       0
    BANK0            80      0       0
    BANK1            80      0       0
    BANK2            80      0       0
    BANK3            80      0       0
    BANK4            80      0       0
    BANK5            80      0       0
    BANK6            16      0       0

Pointer List with Targets:

    None.

Critical Paths under _main in COMMON

    None.

Critical Paths under _main in BANK0

    None.

Critical Paths under _main in BANK1

    None.

Critical Paths under _main in BANK2

    None.

Critical Paths under _main in BANK3

    None.

Critical Paths under _main in BANK4

    None.

Critical Paths under _main in BANK5

    None.

Critical Paths under _main in BANK6

    None.

Call Graph Tables:

 ---------------------------------------------------------------------------------
 (Depth) Function   	        Calls       Base Space   Used Autos Params    Refs
 ---------------------------------------------------------------------------------
 (0) _main                                                 0     0      0       0
 ---------------------------------------------------------------------------------
 Estimated maximum stack depth 0
 ---------------------------------------------------------------------------------

 Call Graph Graphs:

 _main (ROOT)

 Address spaces:
Name               Size   Autos  Total    Cost      Usage
BIGRAM             1F0      0       0       0        0.0%
NULL                 0      0       0       0        0.0%
CODE                 0      0       0       0        0.0%
BITCOMMON            E      0       0       1        0.0%
BITSFR0              0      0       0       1        0.0%
SFR0                 0      0       0       1        0.0%
COMMON               E      0       0       2        0.0%
BITSFR1              0      0       0       2        0.0%
SFR1                 0      0       0       2        0.0%
BITSFR2              0      0       0       3        0.0%
SFR2                 0      0       0       3        0.0%
STACK                0      0       0       3        0.0%
BITSFR3              0      0       0       4        0.0%
SFR3                 0      0       0       4        0.0%
ABS                  0      0       0       4        0.0%
BITBANK0            50      0       0       5        0.0%
BITSFR4              0      0       0       5        0.0%
SFR4                 0      0       0       5        0.0%
BANK0               50      0       0       6        0.0%
BITSFR5              0      0       0       6        0.0%
SFR5                 0      0       0       6        0.0%
BITBANK1            50      0       0       7        0.0%
BITSFR6              0      0       0       7        0.0%
SFR6                 0      0       0       7        0.0%
BANK1               50      0       0       8        0.0%
BITSFR7              0      0       0       8        0.0%
SFR7                 0      0       0       8        0.0%
BITBANK2            50      0       0       9        0.0%
BITSFR8              0      0       0       9        0.0%
SFR8                 0      0       0       9        0.0%
BANK2               50      0       0      10        0.0%
BITSFR9              0      0       0      10        0.0%
SFR9                 0      0       0      10        0.0%
BITBANK3            50      0       0      11        0.0%
BITSFR10             0      0       0      11        0.0%
SFR10                0      0       0      11        0.0%
BANK3               50      0       0      12        0.0%
BITSFR11             0      0       0      12        0.0%
SFR11                0      0       0      12        0.0%
BITBANK4            50      0       0      13        0.0%
BITSFR12             0      0       0      13        0.0%
SFR12                0      0       0      13        0.0%
BANK4               50      0       0      14        0.0%
BITSFR13             0      0       0      14        0.0%
SFR13                0      0       0      14        0.0%
BITBANK5            50      0       0      15        0.0%
BITSFR14             0      0       0      15        0.0%
SFR14                0      0       0      15        0.0%
BANK5               50      0       0      16        0.0%
BITSFR15             0      0       0      16        0.0%
SFR15                0      0       0      16        0.0%
BITBANK6            10      0       0      17        0.0%
BITSFR16             0      0       0      17        0.0%
SFR16                0      0       0      17        0.0%
BANK6               10      0       0      18        0.0%
BITSFR17             0      0       0      18        0.0%
SFR17                0      0       0      18        0.0%
BITSFR18             0      0       0      19        0.0%
SFR18                0      0       0      19        0.0%
DATA                 0      0       0      19        0.0%
BITSFR19             0      0       0      20        0.0%
SFR19                0      0       0      20        0.0%
BITSFR20             0      0       0      21        0.0%
SFR20                0      0       0      21        0.0%
BITSFR21             0      0       0      22        0.0%
SFR21                0      0       0      22        0.0%
BITSFR22             0      0       0      23        0.0%
SFR22                0      0       0      23        0.0%
BITSFR23             0      0       0      24        0.0%
SFR23                0      0       0      24        0.0%
BITSFR24             0      0       0      25        0.0%
SFR24                0      0       0      25        0.0%
BITSFR25             0      0       0      26        0.0%
SFR25                0      0       0      26        0.0%
BITSFR26             0      0       0      27        0.0%
SFR26                0      0       0      27        0.0%
BITSFR27             0      0       0      28        0.0%
SFR27                0      0       0      28        0.0%
BITSFR28             0      0       0      29        0.0%
SFR28                0      0       0      29        0.0%
BITSFR29             0      0       0      30        0.0%
SFR29                0      0       0      30        0.0%
BITSFR30             0      0       0      31        0.0%
SFR30                0      0       0      31        0.0%
BITSFR31             0      0       0      32        0.0%
SFR31                0      0       0      32        0.0%


Microchip Technology PIC Macro Assembler V2.10 build 88905656 
Symbol Table                                                                                   Mon May 11 10:12:24 2020

            __CFG_CP$OFF 0000                       l20 07EE                       l21 07F0  
                     l22 07F8                       l15 07D2                       l16 07DA  
                     l17 07DC                       l18 07E4                       l19 07E6  
                     u10 07D7                       u11 07D6                       u20 07E1  
                     u21 07E0                       u30 07EB                       u31 07EA  
                     u40 07F5                       u41 07F4              __CFG_LVP$ON 0000  
                    l560 07F5                      l552 07C0                      l554 07D7  
                    l556 07E1                      l558 07EB             __CFG_BORV$LO 0000  
           __CFG_WRT$OFF 0000                     _main 07C0                     btemp 007E  
                   start 0002            __CFG_IESO$OFF 0000            __CFG_MCLRE$ON 0000  
                  ?_main 0000            __CFG_WDTE$OFF 0000           __CFG_FCMEN$OFF 0000  
         __CFG_BOREN$OFF 0000                    wtemp0 007E          __initialization 07FD  
           __end_of_main 07FD           __CFG_LPBOR$OFF 0000                   ??_main 0000  
         __CFG_PWRTE$OFF 0000  __end_of__initialization 07FD           __pcstackCOMMON 0000  
             __pmaintext 07C0          __CFG_STVREN$OFF 0000     end_of_initialization 07FD  
              _PORTBbits 000D         __CFG_FOSC$INTOSC 0000                _TRISBbits 008D  
              _TRISCbits 008E      start_initialization 07FD                ___latbits 0002  
               _LATCbits 010E               _ANSELBbits 018D            __size_of_main 003D  
      __CFG_CLKOUTEN$OFF 0000  
